Построение начато 06.02.2017 5:46:42.
     1>Проект "E:\Work\C++\xox^2\xox^2\xox^2.vcxproj" в узле 2 (целевые объекты build).
     1>InitializeBuildStatus:
         Создание "Release\xox^2.unsuccessfulbuild", так как было задано "AlwaysCreate".
       ClCompile:
         C:\Program Files (x86)\Microsoft Visual Studio 10.0\VC\bin\CL.exe /c /I"E:\SFML\SFML-2.2\include" /Zi /nologo /W3 /WX- /O2 /Oi /Oy- /GL /D SFML_DYNAMIC /D _MBCS /D _UNICODE /D UNICODE /Gm- /EHsc /MD /GS /Gy /fp:precise /Zc:wchar_t /Zc:forScope /Fo"Release\\" /Fd"Release\vc100.pdb" /Gd /TP /analyze- /errorReport:prompt main.cpp
         main.cpp
       Link:
         C:\Program Files (x86)\Microsoft Visual Studio 10.0\VC\bin\link.exe /ERRORREPORT:PROMPT /OUT:"E:\Work\C++\xox^2\Release\xox^2.exe" /NOLOGO /LIBPATH:"E:\SFML\SFML-2.2\lib" "sfml-main.lib" "sfml-graphics.lib" "sfml-window.lib" "sfml-system.lib" "sfml-audio.lib" kernel32.lib user32.lib gdi32.lib winspool.lib comdlg32.lib advapi32.lib shell32.lib ole32.lib oleaut32.lib uuid.lib odbc32.lib odbccp32.lib kernel32.lib user32.lib gdi32.lib winspool.lib comdlg32.lib advapi32.lib shell32.lib ole32.lib oleaut32.lib uuid.lib odbc32.lib odbccp32.lib /MANIFEST /ManifestFile:"Release\xox^2.exe.intermediate.manifest" /MANIFESTUAC:"level='asInvoker' uiAccess='false'" /DEBUG /PDB:"E:\Work\C++\xox^2\Release\xox^2.pdb" /SUBSYSTEM:WINDOWS /OPT:REF /OPT:ICF /LTCG /TLBID:1 /DYNAMICBASE /NXCOMPAT /IMPLIB:"E:\Work\C++\xox^2\Release\xox^2.lib" /MACHINE:X86 Release\main.obj
         Создание кода
         Создание кода завершено
         xox^2.vcxproj -> E:\Work\C++\xox^2\Release\xox^2.exe
       Manifest:
         C:\Program Files (x86)\Microsoft SDKs\Windows\v7.0A\bin\mt.exe /nologo /verbose /outputresource:"E:\Work\C++\xox^2\Release\xox^2.exe;#1" /manifest "Release\xox^2.exe.intermediate.manifest"
       FinalizeBuildStatus:
         Файл "Release\xox^2.unsuccessfulbuild" удаляется.
         Обращение к "Release\xox^2.lastbuildstate".
     1>Построение проекта "E:\Work\C++\xox^2\xox^2\xox^2.vcxproj" завершено (целевые объекты build).

Построение успешно завершено.

Затраченное время: 00:00:00.94
